<?xml version="1.0" encoding="UTF-8"?>
<!-- Generated by org.testng.reporters.JUnitReportReporter -->
<testsuite skipped="1" hostname="DESKTOP-1JFBICD" name="test.LoginTest" tests="3" failures="0" timestamp="24 Aug 2019 03:40:01 GMT" time="33.785" errors="0">
  <testcase name="validUserShouldBeAbleToLogin" time="12.585" classname="test.LoginTest"/>
  <testcase name="invalidUserShouldNotBeAbleToLogin" time="21.200" classname="test.LoginTest"/>
  <testcase name="validUserShouldBeAbleToLogin1" classname="test.LoginTest">
    <skipped/>
  </testcase> <!-- validUserShouldBeAbleToLogin1 -->
</testsuite> <!-- test.LoginTest -->
